c:\users\koizumi\desktop\マウスシュミレーター\myself\mouse_sim\debug\vc100.pdb
c:\users\koizumi\desktop\マウスシュミレーター\myself\mouse_sim\debug\mouse_sim.obj
c:\users\koizumi\desktop\mice\マウスシュミレーター\myself\mouse_sim\debug\mouse_sim.obj
c:\users\koizumi\desktop\mice\マウスシュミレーター\myself\mouse_sim\debug\vc100.pdb
c:\users\koizumi\desktop\mice\マウスシュミレーター\myself\mouse_sim\debug\map.obj
c:\users\koizumi\desktop\mice\マウスシュミレーター\myself\mouse_sim\debug\search.obj
c:\users\koizumi\desktop\マウスシュミレーター\myself\mouse_sim\debug\mouse_sim.ilk
c:\users\koizumi\desktop\マウスシュミレーター\myself\mouse_sim\debug\mouse_sim.exe
c:\users\koizumi\desktop\マウスシュミレーター\myself\mouse_sim\debug\mouse_sim.exe.intermediate.manifest
c:\users\koizumi\desktop\マウスシュミレーター\myself\mouse_sim\debug\mouse_sim.pdb
c:\users\koizumi\desktop\mice\マウスシュミレーター\myself\mouse_sim\debug\mouse_sim.ilk
c:\users\koizumi\desktop\mice\マウスシュミレーター\myself\mouse_sim\debug\mouse_sim.exe
c:\users\koizumi\desktop\mice\マウスシュミレーター\myself\mouse_sim\debug\mouse_sim.exe.intermediate.manifest
c:\users\koizumi\desktop\mice\マウスシュミレーター\myself\mouse_sim\debug\mouse_sim.pdb
c:\users\koizumi\desktop\マウスシュミレーター\myself\mouse_sim\debug\mouse_sim.exe.embed.manifest
c:\users\koizumi\desktop\マウスシュミレーター\myself\mouse_sim\debug\mouse_sim.exe.embed.manifest.res
c:\users\koizumi\desktop\mice\マウスシュミレーター\myself\mouse_sim\debug\mouse_sim.exe.embed.manifest.res
c:\users\太嘉志\desktop\mice\マウスシュミレーター\myself\mousesimulator\debug\vc140.pdb
c:\users\太嘉志\desktop\mice\マウスシュミレーター\myself\mousesimulator\debug\vc140.idb
c:\users\太嘉志\desktop\mice\マウスシュミレーター\myself\mousesimulator\debug\map.obj
c:\users\太嘉志\desktop\mice\マウスシュミレーター\myself\mousesimulator\debug\mouse_sim.obj
c:\users\太嘉志\desktop\mice\マウスシュミレーター\myself\mousesimulator\debug\search.obj
c:\users\太嘉志\desktop\mice\マウスシュミレーター\myself\mousesimulator\debug\sim_map.obj
c:\users\太嘉志\desktop\mice\マウスシュミレーター\myself\mousesimulator\debug\mouse_sim.ilk
c:\users\太嘉志\desktop\mice\マウスシュミレーター\myself\mousesimulator\debug\mouse_sim.exe
c:\users\太嘉志\desktop\mice\マウスシュミレーター\myself\mousesimulator\debug\mouse_sim.pdb
c:\users\太嘉志\desktop\mice\マウスシュミレーター\myself\mousesimulator\debug\cl.command.1.tlog
c:\users\太嘉志\desktop\mice\マウスシュミレーター\myself\mousesimulator\debug\cl.read.1.tlog
c:\users\太嘉志\desktop\mice\マウスシュミレーター\myself\mousesimulator\debug\cl.write.1.tlog
c:\users\太嘉志\desktop\mice\マウスシュミレーター\myself\mousesimulator\debug\link-cvtres.read.1.tlog
c:\users\太嘉志\desktop\mice\マウスシュミレーター\myself\mousesimulator\debug\link-cvtres.write.1.tlog
c:\users\太嘉志\desktop\mice\マウスシュミレーター\myself\mousesimulator\debug\link.10092-cvtres.read.1.tlog
c:\users\太嘉志\desktop\mice\マウスシュミレーター\myself\mousesimulator\debug\link.10092-cvtres.write.1.tlog
c:\users\太嘉志\desktop\mice\マウスシュミレーター\myself\mousesimulator\debug\link.10092.read.1.tlog
c:\users\太嘉志\desktop\mice\マウスシュミレーター\myself\mousesimulator\debug\link.10092.write.1.tlog
c:\users\太嘉志\desktop\mice\マウスシュミレーター\myself\mousesimulator\debug\link.10424-cvtres.read.1.tlog
c:\users\太嘉志\desktop\mice\マウスシュミレーター\myself\mousesimulator\debug\link.10424-cvtres.write.1.tlog
c:\users\太嘉志\desktop\mice\マウスシュミレーター\myself\mousesimulator\debug\link.10424.read.1.tlog
c:\users\太嘉志\desktop\mice\マウスシュミレーター\myself\mousesimulator\debug\link.10424.write.1.tlog
c:\users\太嘉志\desktop\mice\マウスシュミレーター\myself\mousesimulator\debug\link.11060-cvtres.read.1.tlog
c:\users\太嘉志\desktop\mice\マウスシュミレーター\myself\mousesimulator\debug\link.11060-cvtres.write.1.tlog
c:\users\太嘉志\desktop\mice\マウスシュミレーター\myself\mousesimulator\debug\link.11060.read.1.tlog
c:\users\太嘉志\desktop\mice\マウスシュミレーター\myself\mousesimulator\debug\link.11060.write.1.tlog
c:\users\太嘉志\desktop\mice\マウスシュミレーター\myself\mousesimulator\debug\link.11436-cvtres.read.1.tlog
c:\users\太嘉志\desktop\mice\マウスシュミレーター\myself\mousesimulator\debug\link.11436-cvtres.write.1.tlog
c:\users\太嘉志\desktop\mice\マウスシュミレーター\myself\mousesimulator\debug\link.11436.read.1.tlog
c:\users\太嘉志\desktop\mice\マウスシュミレーター\myself\mousesimulator\debug\link.11436.write.1.tlog
c:\users\太嘉志\desktop\mice\マウスシュミレーター\myself\mousesimulator\debug\link.11688-cvtres.read.1.tlog
c:\users\太嘉志\desktop\mice\マウスシュミレーター\myself\mousesimulator\debug\link.11688-cvtres.write.1.tlog
c:\users\太嘉志\desktop\mice\マウスシュミレーター\myself\mousesimulator\debug\link.11688.read.1.tlog
c:\users\太嘉志\desktop\mice\マウスシュミレーター\myself\mousesimulator\debug\link.11688.write.1.tlog
c:\users\太嘉志\desktop\mice\マウスシュミレーター\myself\mousesimulator\debug\link.11912-cvtres.read.1.tlog
c:\users\太嘉志\desktop\mice\マウスシュミレーター\myself\mousesimulator\debug\link.11912-cvtres.write.1.tlog
c:\users\太嘉志\desktop\mice\マウスシュミレーター\myself\mousesimulator\debug\link.11912.read.1.tlog
c:\users\太嘉志\desktop\mice\マウスシュミレーター\myself\mousesimulator\debug\link.11912.write.1.tlog
c:\users\太嘉志\desktop\mice\マウスシュミレーター\myself\mousesimulator\debug\link.11916-cvtres.read.1.tlog
c:\users\太嘉志\desktop\mice\マウスシュミレーター\myself\mousesimulator\debug\link.11916-cvtres.write.1.tlog
c:\users\太嘉志\desktop\mice\マウスシュミレーター\myself\mousesimulator\debug\link.11916.read.1.tlog
c:\users\太嘉志\desktop\mice\マウスシュミレーター\myself\mousesimulator\debug\link.11916.write.1.tlog
c:\users\太嘉志\desktop\mice\マウスシュミレーター\myself\mousesimulator\debug\link.12104-cvtres.read.1.tlog
c:\users\太嘉志\desktop\mice\マウスシュミレーター\myself\mousesimulator\debug\link.12104-cvtres.write.1.tlog
c:\users\太嘉志\desktop\mice\マウスシュミレーター\myself\mousesimulator\debug\link.12104.read.1.tlog
c:\users\太嘉志\desktop\mice\マウスシュミレーター\myself\mousesimulator\debug\link.12104.write.1.tlog
c:\users\太嘉志\desktop\mice\マウスシュミレーター\myself\mousesimulator\debug\link.12112-cvtres.read.1.tlog
c:\users\太嘉志\desktop\mice\マウスシュミレーター\myself\mousesimulator\debug\link.12112-cvtres.write.1.tlog
c:\users\太嘉志\desktop\mice\マウスシュミレーター\myself\mousesimulator\debug\link.12112.read.1.tlog
c:\users\太嘉志\desktop\mice\マウスシュミレーター\myself\mousesimulator\debug\link.12112.write.1.tlog
c:\users\太嘉志\desktop\mice\マウスシュミレーター\myself\mousesimulator\debug\link.13304-cvtres.read.1.tlog
c:\users\太嘉志\desktop\mice\マウスシュミレーター\myself\mousesimulator\debug\link.13304-cvtres.write.1.tlog
c:\users\太嘉志\desktop\mice\マウスシュミレーター\myself\mousesimulator\debug\link.13304.read.1.tlog
c:\users\太嘉志\desktop\mice\マウスシュミレーター\myself\mousesimulator\debug\link.13304.write.1.tlog
c:\users\太嘉志\desktop\mice\マウスシュミレーター\myself\mousesimulator\debug\link.14744-cvtres.read.1.tlog
c:\users\太嘉志\desktop\mice\マウスシュミレーター\myself\mousesimulator\debug\link.14744-cvtres.write.1.tlog
c:\users\太嘉志\desktop\mice\マウスシュミレーター\myself\mousesimulator\debug\link.14744.read.1.tlog
c:\users\太嘉志\desktop\mice\マウスシュミレーター\myself\mousesimulator\debug\link.14744.write.1.tlog
c:\users\太嘉志\desktop\mice\マウスシュミレーター\myself\mousesimulator\debug\link.14748-cvtres.read.1.tlog
c:\users\太嘉志\desktop\mice\マウスシュミレーター\myself\mousesimulator\debug\link.14748-cvtres.write.1.tlog
c:\users\太嘉志\desktop\mice\マウスシュミレーター\myself\mousesimulator\debug\link.14748.read.1.tlog
c:\users\太嘉志\desktop\mice\マウスシュミレーター\myself\mousesimulator\debug\link.14748.write.1.tlog
c:\users\太嘉志\desktop\mice\マウスシュミレーター\myself\mousesimulator\debug\link.17168-cvtres.read.1.tlog
c:\users\太嘉志\desktop\mice\マウスシュミレーター\myself\mousesimulator\debug\link.17168-cvtres.write.1.tlog
c:\users\太嘉志\desktop\mice\マウスシュミレーター\myself\mousesimulator\debug\link.17168.read.1.tlog
c:\users\太嘉志\desktop\mice\マウスシュミレーター\myself\mousesimulator\debug\link.17168.write.1.tlog
c:\users\太嘉志\desktop\mice\マウスシュミレーター\myself\mousesimulator\debug\link.224-cvtres.read.1.tlog
c:\users\太嘉志\desktop\mice\マウスシュミレーター\myself\mousesimulator\debug\link.224-cvtres.write.1.tlog
c:\users\太嘉志\desktop\mice\マウスシュミレーター\myself\mousesimulator\debug\link.224.read.1.tlog
c:\users\太嘉志\desktop\mice\マウスシュミレーター\myself\mousesimulator\debug\link.224.write.1.tlog
c:\users\太嘉志\desktop\mice\マウスシュミレーター\myself\mousesimulator\debug\link.2420-cvtres.read.1.tlog
c:\users\太嘉志\desktop\mice\マウスシュミレーター\myself\mousesimulator\debug\link.2420-cvtres.write.1.tlog
c:\users\太嘉志\desktop\mice\マウスシュミレーター\myself\mousesimulator\debug\link.2420.read.1.tlog
c:\users\太嘉志\desktop\mice\マウスシュミレーター\myself\mousesimulator\debug\link.2420.write.1.tlog
c:\users\太嘉志\desktop\mice\マウスシュミレーター\myself\mousesimulator\debug\link.3368-cvtres.read.1.tlog
c:\users\太嘉志\desktop\mice\マウスシュミレーター\myself\mousesimulator\debug\link.3368-cvtres.write.1.tlog
c:\users\太嘉志\desktop\mice\マウスシュミレーター\myself\mousesimulator\debug\link.3368.read.1.tlog
c:\users\太嘉志\desktop\mice\マウスシュミレーター\myself\mousesimulator\debug\link.3368.write.1.tlog
c:\users\太嘉志\desktop\mice\マウスシュミレーター\myself\mousesimulator\debug\link.436-cvtres.read.1.tlog
c:\users\太嘉志\desktop\mice\マウスシュミレーター\myself\mousesimulator\debug\link.436-cvtres.write.1.tlog
c:\users\太嘉志\desktop\mice\マウスシュミレーター\myself\mousesimulator\debug\link.436.read.1.tlog
c:\users\太嘉志\desktop\mice\マウスシュミレーター\myself\mousesimulator\debug\link.436.write.1.tlog
c:\users\太嘉志\desktop\mice\マウスシュミレーター\myself\mousesimulator\debug\link.4592-cvtres.read.1.tlog
c:\users\太嘉志\desktop\mice\マウスシュミレーター\myself\mousesimulator\debug\link.4592-cvtres.write.1.tlog
c:\users\太嘉志\desktop\mice\マウスシュミレーター\myself\mousesimulator\debug\link.4592.read.1.tlog
c:\users\太嘉志\desktop\mice\マウスシュミレーター\myself\mousesimulator\debug\link.4592.write.1.tlog
c:\users\太嘉志\desktop\mice\マウスシュミレーター\myself\mousesimulator\debug\link.4660-cvtres.read.1.tlog
c:\users\太嘉志\desktop\mice\マウスシュミレーター\myself\mousesimulator\debug\link.4660-cvtres.write.1.tlog
c:\users\太嘉志\desktop\mice\マウスシュミレーター\myself\mousesimulator\debug\link.4660.read.1.tlog
c:\users\太嘉志\desktop\mice\マウスシュミレーター\myself\mousesimulator\debug\link.4660.write.1.tlog
c:\users\太嘉志\desktop\mice\マウスシュミレーター\myself\mousesimulator\debug\link.4892-cvtres.read.1.tlog
c:\users\太嘉志\desktop\mice\マウスシュミレーター\myself\mousesimulator\debug\link.4892-cvtres.write.1.tlog
c:\users\太嘉志\desktop\mice\マウスシュミレーター\myself\mousesimulator\debug\link.4892.read.1.tlog
c:\users\太嘉志\desktop\mice\マウスシュミレーター\myself\mousesimulator\debug\link.4892.write.1.tlog
c:\users\太嘉志\desktop\mice\マウスシュミレーター\myself\mousesimulator\debug\link.4900-cvtres.read.1.tlog
c:\users\太嘉志\desktop\mice\マウスシュミレーター\myself\mousesimulator\debug\link.4900-cvtres.write.1.tlog
c:\users\太嘉志\desktop\mice\マウスシュミレーター\myself\mousesimulator\debug\link.4900.read.1.tlog
c:\users\太嘉志\desktop\mice\マウスシュミレーター\myself\mousesimulator\debug\link.4900.write.1.tlog
c:\users\太嘉志\desktop\mice\マウスシュミレーター\myself\mousesimulator\debug\link.4948-cvtres.read.1.tlog
c:\users\太嘉志\desktop\mice\マウスシュミレーター\myself\mousesimulator\debug\link.4948-cvtres.write.1.tlog
c:\users\太嘉志\desktop\mice\マウスシュミレーター\myself\mousesimulator\debug\link.4948.read.1.tlog
c:\users\太嘉志\desktop\mice\マウスシュミレーター\myself\mousesimulator\debug\link.4948.write.1.tlog
c:\users\太嘉志\desktop\mice\マウスシュミレーター\myself\mousesimulator\debug\link.5288-cvtres.read.1.tlog
c:\users\太嘉志\desktop\mice\マウスシュミレーター\myself\mousesimulator\debug\link.5288-cvtres.write.1.tlog
c:\users\太嘉志\desktop\mice\マウスシュミレーター\myself\mousesimulator\debug\link.5288.read.1.tlog
c:\users\太嘉志\desktop\mice\マウスシュミレーター\myself\mousesimulator\debug\link.5288.write.1.tlog
c:\users\太嘉志\desktop\mice\マウスシュミレーター\myself\mousesimulator\debug\link.5336-cvtres.read.1.tlog
c:\users\太嘉志\desktop\mice\マウスシュミレーター\myself\mousesimulator\debug\link.5336-cvtres.write.1.tlog
c:\users\太嘉志\desktop\mice\マウスシュミレーター\myself\mousesimulator\debug\link.5336.read.1.tlog
c:\users\太嘉志\desktop\mice\マウスシュミレーター\myself\mousesimulator\debug\link.5336.write.1.tlog
c:\users\太嘉志\desktop\mice\マウスシュミレーター\myself\mousesimulator\debug\link.5496-cvtres.read.1.tlog
c:\users\太嘉志\desktop\mice\マウスシュミレーター\myself\mousesimulator\debug\link.5496-cvtres.write.1.tlog
c:\users\太嘉志\desktop\mice\マウスシュミレーター\myself\mousesimulator\debug\link.5496.read.1.tlog
c:\users\太嘉志\desktop\mice\マウスシュミレーター\myself\mousesimulator\debug\link.5496.write.1.tlog
c:\users\太嘉志\desktop\mice\マウスシュミレーター\myself\mousesimulator\debug\link.6328-cvtres.read.1.tlog
c:\users\太嘉志\desktop\mice\マウスシュミレーター\myself\mousesimulator\debug\link.6328-cvtres.write.1.tlog
c:\users\太嘉志\desktop\mice\マウスシュミレーター\myself\mousesimulator\debug\link.6328.read.1.tlog
c:\users\太嘉志\desktop\mice\マウスシュミレーター\myself\mousesimulator\debug\link.6328.write.1.tlog
c:\users\太嘉志\desktop\mice\マウスシュミレーター\myself\mousesimulator\debug\link.6436-cvtres.read.1.tlog
c:\users\太嘉志\desktop\mice\マウスシュミレーター\myself\mousesimulator\debug\link.6436-cvtres.write.1.tlog
c:\users\太嘉志\desktop\mice\マウスシュミレーター\myself\mousesimulator\debug\link.6436.read.1.tlog
c:\users\太嘉志\desktop\mice\マウスシュミレーター\myself\mousesimulator\debug\link.6436.write.1.tlog
c:\users\太嘉志\desktop\mice\マウスシュミレーター\myself\mousesimulator\debug\link.7220-cvtres.read.1.tlog
c:\users\太嘉志\desktop\mice\マウスシュミレーター\myself\mousesimulator\debug\link.7220-cvtres.write.1.tlog
c:\users\太嘉志\desktop\mice\マウスシュミレーター\myself\mousesimulator\debug\link.7220.read.1.tlog
c:\users\太嘉志\desktop\mice\マウスシュミレーター\myself\mousesimulator\debug\link.7220.write.1.tlog
c:\users\太嘉志\desktop\mice\マウスシュミレーター\myself\mousesimulator\debug\link.7356-cvtres.read.1.tlog
c:\users\太嘉志\desktop\mice\マウスシュミレーター\myself\mousesimulator\debug\link.7356-cvtres.write.1.tlog
c:\users\太嘉志\desktop\mice\マウスシュミレーター\myself\mousesimulator\debug\link.7356.read.1.tlog
c:\users\太嘉志\desktop\mice\マウスシュミレーター\myself\mousesimulator\debug\link.7356.write.1.tlog
c:\users\太嘉志\desktop\mice\マウスシュミレーター\myself\mousesimulator\debug\link.7568-cvtres.read.1.tlog
c:\users\太嘉志\desktop\mice\マウスシュミレーター\myself\mousesimulator\debug\link.7568-cvtres.write.1.tlog
c:\users\太嘉志\desktop\mice\マウスシュミレーター\myself\mousesimulator\debug\link.7568.read.1.tlog
c:\users\太嘉志\desktop\mice\マウスシュミレーター\myself\mousesimulator\debug\link.7568.write.1.tlog
c:\users\太嘉志\desktop\mice\マウスシュミレーター\myself\mousesimulator\debug\link.7804-cvtres.read.1.tlog
c:\users\太嘉志\desktop\mice\マウスシュミレーター\myself\mousesimulator\debug\link.7804-cvtres.write.1.tlog
c:\users\太嘉志\desktop\mice\マウスシュミレーター\myself\mousesimulator\debug\link.7804.read.1.tlog
c:\users\太嘉志\desktop\mice\マウスシュミレーター\myself\mousesimulator\debug\link.7804.write.1.tlog
c:\users\太嘉志\desktop\mice\マウスシュミレーター\myself\mousesimulator\debug\link.8616-cvtres.read.1.tlog
c:\users\太嘉志\desktop\mice\マウスシュミレーター\myself\mousesimulator\debug\link.8616-cvtres.write.1.tlog
c:\users\太嘉志\desktop\mice\マウスシュミレーター\myself\mousesimulator\debug\link.8616.read.1.tlog
c:\users\太嘉志\desktop\mice\マウスシュミレーター\myself\mousesimulator\debug\link.8616.write.1.tlog
c:\users\太嘉志\desktop\mice\マウスシュミレーター\myself\mousesimulator\debug\link.9268-cvtres.read.1.tlog
c:\users\太嘉志\desktop\mice\マウスシュミレーター\myself\mousesimulator\debug\link.9268-cvtres.write.1.tlog
c:\users\太嘉志\desktop\mice\マウスシュミレーター\myself\mousesimulator\debug\link.9268.read.1.tlog
c:\users\太嘉志\desktop\mice\マウスシュミレーター\myself\mousesimulator\debug\link.9268.write.1.tlog
c:\users\太嘉志\desktop\mice\マウスシュミレーター\myself\mousesimulator\debug\link.9288-cvtres.read.1.tlog
c:\users\太嘉志\desktop\mice\マウスシュミレーター\myself\mousesimulator\debug\link.9288-cvtres.write.1.tlog
c:\users\太嘉志\desktop\mice\マウスシュミレーター\myself\mousesimulator\debug\link.9288.read.1.tlog
c:\users\太嘉志\desktop\mice\マウスシュミレーター\myself\mousesimulator\debug\link.9288.write.1.tlog
c:\users\太嘉志\desktop\mice\マウスシュミレーター\myself\mousesimulator\debug\link.9732-cvtres.read.1.tlog
c:\users\太嘉志\desktop\mice\マウスシュミレーター\myself\mousesimulator\debug\link.9732-cvtres.write.1.tlog
c:\users\太嘉志\desktop\mice\マウスシュミレーター\myself\mousesimulator\debug\link.9732.read.1.tlog
c:\users\太嘉志\desktop\mice\マウスシュミレーター\myself\mousesimulator\debug\link.9732.write.1.tlog
c:\users\太嘉志\desktop\mice\マウスシュミレーター\myself\mousesimulator\debug\link.command.1.tlog
c:\users\太嘉志\desktop\mice\マウスシュミレーター\myself\mousesimulator\debug\link.read.1.tlog
c:\users\太嘉志\desktop\mice\マウスシュミレーター\myself\mousesimulator\debug\link.write.1.tlog
c:\users\太嘉志\desktop\mice\マウスシュミレーター\myself\mousesimulator\debug\mouse_sim.write.1.tlog
c:\users\太嘉志\desktop\mice\マウスシュミレーター\myself\mousesimulator\debug\mt.command.1.tlog
c:\users\太嘉志\desktop\mice\マウスシュミレーター\myself\mousesimulator\debug\mt.read.1.tlog
c:\users\太嘉志\desktop\mice\マウスシュミレーター\myself\mousesimulator\debug\mt.write.1.tlog
c:\users\太嘉志\desktop\mice\マウスシュミレーター\myself\mousesimulator\debug\rc.command.1.tlog
c:\users\太嘉志\desktop\mice\マウスシュミレーター\myself\mousesimulator\debug\rc.read.1.tlog
c:\users\太嘉志\desktop\mice\マウスシュミレーター\myself\mousesimulator\debug\rc.write.1.tlog
c:\users\太嘉志\desktop\mice\マウスシュミレーター\myself\mousesimulator\debug\mouse_sim.exe.embed.manifest
c:\users\太嘉志\desktop\mice\マウスシュミレーター\myself\mousesimulator\debug\mouse_sim.exe.intermediate.manifest
c:\users\太嘉志\desktop\mice\マウスシュミレーター\myself\mousesimulator\debug\mouse_sim.exe.embed.manifest.res
c:\users\太嘉志\desktop\mice\マウスシュミレーター\myself\mousesimulator\debug\vc100.idb
c:\users\太嘉志\desktop\mice\マウスシュミレーター\myself\mousesimulator\debug\mouse_sim_manifest.rc
c:\users\太嘉志\desktop\mice\マウスシュミレーター\myself\mousesimulator\debug\mouse_sim.tlog\cl.command.1.tlog
c:\users\太嘉志\desktop\mice\マウスシュミレーター\myself\mousesimulator\debug\mouse_sim.tlog\cl.read.1.tlog
c:\users\太嘉志\desktop\mice\マウスシュミレーター\myself\mousesimulator\debug\mouse_sim.tlog\cl.write.1.tlog
c:\users\太嘉志\desktop\mice\マウスシュミレーター\myself\mousesimulator\debug\mouse_sim.tlog\link.command.1.tlog
c:\users\太嘉志\desktop\mice\マウスシュミレーター\myself\mousesimulator\debug\mouse_sim.tlog\link.read.1.tlog
c:\users\太嘉志\desktop\mice\マウスシュミレーター\myself\mousesimulator\debug\mouse_sim.tlog\link.write.1.tlog
